<?xml version="1.0" encoding="UTF-8"?>
<!-- Generated by org.testng.reporters.JUnitXMLReporter -->
<testsuite ignored="0" hostname="DESKTOP-RHUCOCC" failures="1" tests="8" name="Default test" time="43.153" errors="0" timestamp="2021-06-08T17:34:42 EDT">
  <testcase classname="Workwolf.Assignment1TestCases.WebPageTest" name="businessLogin" time="4.404"/>
  <testcase classname="Workwolf.Assignment1TestCases.WebPageTest" name="chatOption" time="31.05">
    <failure type="com.microsoft.playwright.TimeoutError" message="Error {
  message=&amp;apos;Timeout 30000ms exceeded.
=========================== logs ===========================
waiting for selector &amp;quot;body &amp;gt; div &amp;gt; div.Application__WidgetAppContainer-sc-1f2l0a1-0.dvBAhE.widget-app-container &amp;gt; span &amp;gt; div &amp;gt; button&amp;quot; to be visible
============================================================
Note: use DEBUG=pw:api environment variable to capture Playwright logs.
  name=&amp;apos;TimeoutError
  stack=&amp;apos;TimeoutError: Timeout 30000ms exceeded.
=========================== logs ===========================
waiting for selector &amp;quot;body &amp;gt; div &amp;gt; div.Application__WidgetAppContainer-sc-1f2l0a1-0.dvBAhE.widget-app-container &amp;gt; span &amp;gt; div &amp;gt; button&amp;quot; to be visible
============================================================
Note: use DEBUG=pw:api environment variable to capture Playwright logs.
    at ProgressController.run (C:\Users\sunpr\AppData\Local\Temp\playwright-java-8308655397333325068\package\lib\server\progress.js:72:30)
    at Frame.waitForSelector (C:\Users\sunpr\AppData\Local\Temp\playwright-java-8308655397333325068\package\lib\server\frames.js:577:27)
    at FrameDispatcher.waitForSelector (C:\Users\sunpr\AppData\Local\Temp\playwright-java-8308655397333325068\package\lib\dispatchers\frameDispatcher.js:63:122)
    at DispatcherConnection.dispatch (C:\Users\sunpr\AppData\Local\Temp\playwright-java-8308655397333325068\package\lib\dispatchers\dispatcher.js:232:46)
}">
      <![CDATA[com.microsoft.playwright.TimeoutError: Error {
  message='Timeout 30000ms exceeded.
=========================== logs ===========================
waiting for selector "body > div > div.Application__WidgetAppContainer-sc-1f2l0a1-0.dvBAhE.widget-app-container > span > div > button" to be visible
============================================================
Note: use DEBUG=pw:api environment variable to capture Playwright logs.
  name='TimeoutError
  stack='TimeoutError: Timeout 30000ms exceeded.
=========================== logs ===========================
waiting for selector "body > div > div.Application__WidgetAppContainer-sc-1f2l0a1-0.dvBAhE.widget-app-container > span > div > button" to be visible
============================================================
Note: use DEBUG=pw:api environment variable to capture Playwright logs.
    at ProgressController.run (C:\Users\sunpr\AppData\Local\Temp\playwright-java-8308655397333325068\package\lib\server\progress.js:72:30)
    at Frame.waitForSelector (C:\Users\sunpr\AppData\Local\Temp\playwright-java-8308655397333325068\package\lib\server\frames.js:577:27)
    at FrameDispatcher.waitForSelector (C:\Users\sunpr\AppData\Local\Temp\playwright-java-8308655397333325068\package\lib\dispatchers\frameDispatcher.js:63:122)
    at DispatcherConnection.dispatch (C:\Users\sunpr\AppData\Local\Temp\playwright-java-8308655397333325068\package\lib\dispatchers\dispatcher.js:232:46)
}
at com.microsoft.playwright.impl.WaitableResult.get(WaitableResult.java:52)
at com.microsoft.playwright.impl.ChannelOwner.runUntil(ChannelOwner.java:94)
at com.microsoft.playwright.impl.Connection.sendMessage(Connection.java:102)
at com.microsoft.playwright.impl.ChannelOwner.sendMessage(ChannelOwner.java:85)
at com.microsoft.playwright.impl.FrameImpl.waitForSelectorImpl(FrameImpl.java:898)
at com.microsoft.playwright.impl.PageImpl.lambda$waitForSelector$74(PageImpl.java:1355)
at com.microsoft.playwright.impl.LoggingSupport.withLogging(LoggingSupport.java:47)
at com.microsoft.playwright.impl.PageImpl.waitForSelector(PageImpl.java:1354)
at com.microsoft.playwright.Page.waitForSelector(Page.java:4696)
at pageObjectsRespository.LoginPageObjects.chatOption(LoginPageObjects.java:77)
at Workwolf.Assignment1TestCases.WebPageTest.chatOption(WebPageTest.java:67)
at java.base/jdk.internal.reflect.NativeMethodAccessorImpl.invoke0(Native Method)
at java.base/jdk.internal.reflect.NativeMethodAccessorImpl.invoke(NativeMethodAccessorImpl.java:62)
at java.base/jdk.internal.reflect.DelegatingMethodAccessorImpl.invoke(DelegatingMethodAccessorImpl.java:43)
at java.base/java.lang.reflect.Method.invoke(Method.java:564)
at org.testng.internal.MethodInvocationHelper.invokeMethod(MethodInvocationHelper.java:132)
at org.testng.internal.TestInvoker.invokeMethod(TestInvoker.java:599)
at org.testng.internal.TestInvoker.invokeTestMethod(TestInvoker.java:174)
at org.testng.internal.MethodRunner.runInSequence(MethodRunner.java:46)
at org.testng.internal.TestInvoker$MethodInvocationAgent.invoke(TestInvoker.java:822)
at org.testng.internal.TestInvoker.invokeTestMethods(TestInvoker.java:147)
at org.testng.internal.TestMethodWorker.invokeTestMethods(TestMethodWorker.java:146)
at org.testng.internal.TestMethodWorker.run(TestMethodWorker.java:128)
at java.base/java.util.ArrayList.forEach(ArrayList.java:1510)
at org.testng.TestRunner.privateRun(TestRunner.java:764)
at org.testng.TestRunner.run(TestRunner.java:585)
at org.testng.SuiteRunner.runTest(SuiteRunner.java:384)
at org.testng.SuiteRunner.runSequentially(SuiteRunner.java:378)
at org.testng.SuiteRunner.privateRun(SuiteRunner.java:337)
at org.testng.SuiteRunner.run(SuiteRunner.java:286)
at org.testng.SuiteRunnerWorker.runSuite(SuiteRunnerWorker.java:53)
at org.testng.SuiteRunnerWorker.run(SuiteRunnerWorker.java:96)
at org.testng.TestNG.runSuitesSequentially(TestNG.java:1218)
at org.testng.TestNG.runSuitesLocally(TestNG.java:1140)
at org.testng.TestNG.runSuites(TestNG.java:1069)
at org.testng.TestNG.run(TestNG.java:1037)
at org.testng.remote.AbstractRemoteTestNG.run(AbstractRemoteTestNG.java:115)
at org.testng.remote.RemoteTestNG.initAndRun(RemoteTestNG.java:251)
at org.testng.remote.RemoteTestNG.main(RemoteTestNG.java:77)
Caused by: com.microsoft.playwright.TimeoutError: Error {
  message='Timeout 30000ms exceeded.
=========================== logs ===========================
waiting for selector "body > div > div.Application__WidgetAppContainer-sc-1f2l0a1-0.dvBAhE.widget-app-container > span > div > button" to be visible
============================================================
Note: use DEBUG=pw:api environment variable to capture Playwright logs.
  name='TimeoutError
  stack='TimeoutError: Timeout 30000ms exceeded.
=========================== logs ===========================
waiting for selector "body > div > div.Application__WidgetAppContainer-sc-1f2l0a1-0.dvBAhE.widget-app-container > span > div > button" to be visible
============================================================
Note: use DEBUG=pw:api environment variable to capture Playwright logs.
    at ProgressController.run (C:\Users\sunpr\AppData\Local\Temp\playwright-java-8308655397333325068\package\lib\server\progress.js:72:30)
    at Frame.waitForSelector (C:\Users\sunpr\AppData\Local\Temp\playwright-java-8308655397333325068\package\lib\server\frames.js:577:27)
    at FrameDispatcher.waitForSelector (C:\Users\sunpr\AppData\Local\Temp\playwright-java-8308655397333325068\package\lib\dispatchers\frameDispatcher.js:63:122)
    at DispatcherConnection.dispatch (C:\Users\sunpr\AppData\Local\Temp\playwright-java-8308655397333325068\package\lib\dispatchers\dispatcher.js:232:46)
}
at com.microsoft.playwright.impl.Connection.dispatch(Connection.java:220)
at com.microsoft.playwright.impl.Connection.processOneMessage(Connection.java:202)
at com.microsoft.playwright.impl.ChannelOwner.runUntil(ChannelOwner.java:92)
... 37 more
]]>
    </failure>
  </testcase> <!-- chatOption -->
  <testcase classname="Workwolf.Assignment1TestCases.WebPageTest" name="contactUs" time="1.692"/>
  <testcase classname="Workwolf.Assignment1TestCases.WebPageTest" name="invalidLogin" time="1.052"/>
  <testcase classname="Workwolf.Assignment1TestCases.WebPageTest" name="pageNavigation" time="1.018"/>
  <testcase classname="Workwolf.Assignment1TestCases.WebPageTest" name="privacy" time="1.132"/>
  <testcase classname="Workwolf.Assignment1TestCases.WebPageTest" name="terms" time="1.065"/>
  <testcase classname="Workwolf.Assignment1TestCases.WebPageTest" name="validLogin" time="1.671"/>
</testsuite> <!-- Default test -->
