<?xml version="1.0" encoding="UTF-8"?>
<!-- Generated by org.testng.reporters.JUnitXMLReporter -->
<testsuite ignored="1" hostname="DESKTOP-RHUCOCC" failures="0" tests="7" name="Test" time="16.717" errors="0" timestamp="2021-06-08T18:34:13 EDT">
  <testcase classname="Workwolf.Assignment1TestCases.WebPageTest" name="businessLogin" time="8.593"/>
  <testcase classname="Workwolf.Assignment1TestCases.WebPageTest" name="contactUs" time="1.778"/>
  <testcase classname="Workwolf.Assignment1TestCases.WebPageTest" name="invalidLogin" time="1.141"/>
  <testcase classname="Workwolf.Assignment1TestCases.WebPageTest" name="pageNavigation" time="1.213"/>
  <testcase classname="Workwolf.Assignment1TestCases.WebPageTest" name="privacy" time="1.151"/>
  <testcase classname="Workwolf.Assignment1TestCases.WebPageTest" name="terms" time="1.066"/>
  <testcase classname="Workwolf.Assignment1TestCases.WebPageTest" name="validLogin" time="1.69"/>
  <testcase classname="Workwolf.Assignment1TestCases.WebPageTest" name="chatOption" time="0.0">
    <ignored/>
  </testcase> <!-- chatOption -->
</testsuite> <!-- Test -->
