<?xml version="1.0" encoding="UTF-8"?>
<!-- Generated by org.testng.reporters.JUnitXMLReporter -->
<testsuite ignored="1" hostname="DESKTOP-RHUCOCC" failures="0" tests="7" name="Test" time="12.163" errors="0" timestamp="2021-06-09T21:06:42 EDT">
  <testcase classname="Workwolf.Assignment1TestCases.WebPageTest" name="businessLogin" time="5.629"/>
  <testcase classname="Workwolf.Assignment1TestCases.WebPageTest" name="contactUs" time="1.318"/>
  <testcase classname="Workwolf.Assignment1TestCases.WebPageTest" name="invalidLogin" time="0.918"/>
  <testcase classname="Workwolf.Assignment1TestCases.WebPageTest" name="pageNavigation" time="0.877"/>
  <testcase classname="Workwolf.Assignment1TestCases.WebPageTest" name="privacy" time="0.953"/>
  <testcase classname="Workwolf.Assignment1TestCases.WebPageTest" name="terms" time="0.977"/>
  <testcase classname="Workwolf.Assignment1TestCases.WebPageTest" name="validLogin" time="1.428"/>
  <testcase classname="Workwolf.Assignment1TestCases.WebPageTest" name="chatOption" time="0.0">
    <ignored/>
  </testcase> <!-- chatOption -->
</testsuite> <!-- Test -->
