<?xml version="1.0" encoding="UTF-8"?>
<!-- Generated by org.testng.reporters.JUnitXMLReporter -->
<testsuite ignored="1" hostname="DESKTOP-RHUCOCC" failures="0" tests="7" name="Test" time="11.979" errors="0" timestamp="2021-06-08T10:50:02 EDT">
  <testcase classname="Workwolf.Assignment1TestCases.WebPageTest" name="businessLogin" time="5.515"/>
  <testcase classname="Workwolf.Assignment1TestCases.WebPageTest" name="contactUs" time="1.384"/>
  <testcase classname="Workwolf.Assignment1TestCases.WebPageTest" name="invalidLogin" time="0.838"/>
  <testcase classname="Workwolf.Assignment1TestCases.WebPageTest" name="pageNavigation" time="1.03"/>
  <testcase classname="Workwolf.Assignment1TestCases.WebPageTest" name="privacy" time="0.988"/>
  <testcase classname="Workwolf.Assignment1TestCases.WebPageTest" name="terms" time="0.86"/>
  <testcase classname="Workwolf.Assignment1TestCases.WebPageTest" name="validLogin" time="1.319"/>
  <testcase classname="Workwolf.Assignment1TestCases.WebPageTest" name="chatOption" time="0.0">
    <ignored/>
  </testcase> <!-- chatOption -->
</testsuite> <!-- Test -->
