<?xml version="1.0" encoding="UTF-8"?>
<testng-results ignored="1" total="8" passed="7" failed="0" skipped="0">
  <reporter-output>
  </reporter-output>
  <suite started-at="2021-06-08T10:49:50 EDT" name="Suite" finished-at="2021-06-08T10:50:02 EDT" duration-ms="11979">
    <groups>
    </groups>
    <test started-at="2021-06-08T10:49:50 EDT" name="Test" finished-at="2021-06-08T10:50:02 EDT" duration-ms="11979">
      <class name="Workwolf.Assignment1TestCases.WebPageTest">
        <test-method is-config="true" signature="browserInitialize()[pri:0, instance:Workwolf.Assignment1TestCases.WebPageTest@2b6856dd]" started-at="2021-06-08T10:49:42 EDT" name="browserInitialize" finished-at="2021-06-08T10:49:50 EDT" duration-ms="7913" status="PASS">
          <reporter-output>
          </reporter-output>
        </test-method> <!-- browserInitialize -->
        <test-method signature="businessLogin()[pri:0, instance:Workwolf.Assignment1TestCases.WebPageTest@2b6856dd]" started-at="2021-06-08T10:49:50 EDT" name="businessLogin" finished-at="2021-06-08T10:49:56 EDT" duration-ms="5515" status="PASS">
          <reporter-output>
          </reporter-output>
        </test-method> <!-- businessLogin -->
        <test-method signature="contactUs()[pri:0, instance:Workwolf.Assignment1TestCases.WebPageTest@2b6856dd]" started-at="2021-06-08T10:49:56 EDT" name="contactUs" finished-at="2021-06-08T10:49:57 EDT" duration-ms="1384" status="PASS">
          <reporter-output>
          </reporter-output>
        </test-method> <!-- contactUs -->
        <test-method signature="invalidLogin()[pri:0, instance:Workwolf.Assignment1TestCases.WebPageTest@2b6856dd]" started-at="2021-06-08T10:49:57 EDT" name="invalidLogin" finished-at="2021-06-08T10:49:58 EDT" duration-ms="838" status="PASS">
          <reporter-output>
          </reporter-output>
        </test-method> <!-- invalidLogin -->
        <test-method signature="pageNavigation()[pri:0, instance:Workwolf.Assignment1TestCases.WebPageTest@2b6856dd]" started-at="2021-06-08T10:49:58 EDT" name="pageNavigation" finished-at="2021-06-08T10:49:59 EDT" duration-ms="1030" status="PASS">
          <reporter-output>
          </reporter-output>
        </test-method> <!-- pageNavigation -->
        <test-method signature="privacy()[pri:0, instance:Workwolf.Assignment1TestCases.WebPageTest@2b6856dd]" started-at="2021-06-08T10:49:59 EDT" name="privacy" finished-at="2021-06-08T10:50:00 EDT" duration-ms="988" status="PASS">
          <reporter-output>
          </reporter-output>
        </test-method> <!-- privacy -->
        <test-method signature="terms()[pri:0, instance:Workwolf.Assignment1TestCases.WebPageTest@2b6856dd]" started-at="2021-06-08T10:50:00 EDT" name="terms" finished-at="2021-06-08T10:50:01 EDT" duration-ms="860" status="PASS">
          <reporter-output>
          </reporter-output>
        </test-method> <!-- terms -->
        <test-method signature="validLogin()[pri:0, instance:Workwolf.Assignment1TestCases.WebPageTest@2b6856dd]" started-at="2021-06-08T10:50:01 EDT" name="validLogin" finished-at="2021-06-08T10:50:02 EDT" duration-ms="1319" status="PASS">
          <reporter-output>
          </reporter-output>
        </test-method> <!-- validLogin -->
        <test-method is-config="true" signature="browserClose()[pri:0, instance:Workwolf.Assignment1TestCases.WebPageTest@2b6856dd]" started-at="2021-06-08T10:50:02 EDT" name="browserClose" finished-at="2021-06-08T10:50:02 EDT" duration-ms="37" status="PASS">
          <reporter-output>
          </reporter-output>
        </test-method> <!-- browserClose -->
      </class> <!-- Workwolf.Assignment1TestCases.WebPageTest -->
    </test> <!-- Test -->
  </suite> <!-- Suite -->
</testng-results>
