<?xml version="1.0" encoding="UTF-8"?>
<testng-results ignored="1" total="8" passed="7" failed="0" skipped="0">
  <reporter-output>
  </reporter-output>
  <suite started-at="2021-06-09T21:37:00 EDT" name="Suite" finished-at="2021-06-09T21:37:14 EDT" duration-ms="14292">
    <groups>
    </groups>
    <test started-at="2021-06-09T21:37:00 EDT" name="Test" finished-at="2021-06-09T21:37:14 EDT" duration-ms="14292">
      <class name="Workwolf.Assignment1TestCases.WebPageTest">
        <test-method is-config="true" signature="browserInitialize()[pri:0, instance:Workwolf.Assignment1TestCases.WebPageTest@fdefd3f]" started-at="2021-06-09T21:36:50 EDT" name="browserInitialize" finished-at="2021-06-09T21:37:00 EDT" duration-ms="9654" status="PASS">
          <reporter-output>
          </reporter-output>
        </test-method> <!-- browserInitialize -->
        <test-method signature="businessLogin()[pri:0, instance:Workwolf.Assignment1TestCases.WebPageTest@fdefd3f]" started-at="2021-06-09T21:37:00 EDT" name="businessLogin" finished-at="2021-06-09T21:37:06 EDT" duration-ms="6367" status="PASS">
          <reporter-output>
          </reporter-output>
        </test-method> <!-- businessLogin -->
        <test-method signature="contactUs()[pri:0, instance:Workwolf.Assignment1TestCases.WebPageTest@fdefd3f]" started-at="2021-06-09T21:37:06 EDT" name="contactUs" finished-at="2021-06-09T21:37:08 EDT" duration-ms="1676" status="PASS">
          <reporter-output>
          </reporter-output>
        </test-method> <!-- contactUs -->
        <test-method signature="invalidLogin()[pri:0, instance:Workwolf.Assignment1TestCases.WebPageTest@fdefd3f]" started-at="2021-06-09T21:37:08 EDT" name="invalidLogin" finished-at="2021-06-09T21:37:09 EDT" duration-ms="1139" status="PASS">
          <reporter-output>
          </reporter-output>
        </test-method> <!-- invalidLogin -->
        <test-method signature="pageNavigation()[pri:0, instance:Workwolf.Assignment1TestCases.WebPageTest@fdefd3f]" started-at="2021-06-09T21:37:09 EDT" name="pageNavigation" finished-at="2021-06-09T21:37:10 EDT" duration-ms="1183" status="PASS">
          <reporter-output>
          </reporter-output>
        </test-method> <!-- pageNavigation -->
        <test-method signature="privacy()[pri:0, instance:Workwolf.Assignment1TestCases.WebPageTest@fdefd3f]" started-at="2021-06-09T21:37:10 EDT" name="privacy" finished-at="2021-06-09T21:37:12 EDT" duration-ms="1153" status="PASS">
          <reporter-output>
          </reporter-output>
        </test-method> <!-- privacy -->
        <test-method signature="terms()[pri:0, instance:Workwolf.Assignment1TestCases.WebPageTest@fdefd3f]" started-at="2021-06-09T21:37:12 EDT" name="terms" finished-at="2021-06-09T21:37:13 EDT" duration-ms="1041" status="PASS">
          <reporter-output>
          </reporter-output>
        </test-method> <!-- terms -->
        <test-method signature="validLogin()[pri:0, instance:Workwolf.Assignment1TestCases.WebPageTest@fdefd3f]" started-at="2021-06-09T21:37:13 EDT" name="validLogin" finished-at="2021-06-09T21:37:14 EDT" duration-ms="1653" status="PASS">
          <reporter-output>
          </reporter-output>
        </test-method> <!-- validLogin -->
        <test-method is-config="true" signature="browserClose()[pri:0, instance:Workwolf.Assignment1TestCases.WebPageTest@fdefd3f]" started-at="2021-06-09T21:37:14 EDT" name="browserClose" finished-at="2021-06-09T21:37:15 EDT" duration-ms="1015" status="PASS">
          <reporter-output>
          </reporter-output>
        </test-method> <!-- browserClose -->
      </class> <!-- Workwolf.Assignment1TestCases.WebPageTest -->
    </test> <!-- Test -->
  </suite> <!-- Suite -->
</testng-results>
