<?xml version="1.0" encoding="UTF-8"?>
<testsuite xmlns:xsi="http://www.w3.org/2001/XMLSchema-instance" xsi:noNamespaceSchemaLocation="https://maven.apache.org/surefire/maven-surefire-plugin/xsd/surefire-test-report.xsd" name="TestSuite" time="26.152" tests="7" errors="0" skipped="0" failures="0">
  <properties>
[...]
</properties>
  <testcase name="businessLogin" classname="Workwolf.Assignment1TestCases.WebPageTest" time="6.369"/>
  <testcase name="contactUs" classname="Workwolf.Assignment1TestCases.WebPageTest" time="1.674"/>
  <testcase name="invalidLogin" classname="Workwolf.Assignment1TestCases.WebPageTest" time="1.139"/>
  <testcase name="pageNavigation" classname="Workwolf.Assignment1TestCases.WebPageTest" time="1.184"/>
  <testcase name="privacy" classname="Workwolf.Assignment1TestCases.WebPageTest" time="1.155"/>
  <testcase name="terms" classname="Workwolf.Assignment1TestCases.WebPageTest" time="1.041"/>
  <testcase name="validLogin" classname="Workwolf.Assignment1TestCases.WebPageTest" time="1.654"/>
</testsuite>