<?xml version="1.0" encoding="UTF-8"?>
<testsuite xmlns:xsi="http://www.w3.org/2001/XMLSchema-instance" xsi:noNamespaceSchemaLocation="https://maven.apache.org/surefire/maven-surefire-plugin/xsd/surefire-test-report.xsd" name="TestSuite" time="20.738" tests="7" errors="0" skipped="0" failures="0">
  <properties>
[...]
</properties>
  <testcase name="businessLogin" classname="Workwolf.Assignment1TestCases.WebPageTest" time="5.517"/>
  <testcase name="contactUs" classname="Workwolf.Assignment1TestCases.WebPageTest" time="1.383"/>
  <testcase name="invalidLogin" classname="Workwolf.Assignment1TestCases.WebPageTest" time="0.837"/>
  <testcase name="pageNavigation" classname="Workwolf.Assignment1TestCases.WebPageTest" time="1.03"/>
  <testcase name="privacy" classname="Workwolf.Assignment1TestCases.WebPageTest" time="0.988"/>
  <testcase name="terms" classname="Workwolf.Assignment1TestCases.WebPageTest" time="0.859"/>
  <testcase name="validLogin" classname="Workwolf.Assignment1TestCases.WebPageTest" time="1.319"/>
</testsuite>